[debug] [2025-10-21T19:09:49.295Z] ----------------------------------------------------------------------
[debug] [2025-10-21T19:09:49.296Z] Command:       /opt/homebrew/Cellar/node/23.11.0/bin/node /opt/homebrew/bin/firebase deploy --only functions
[debug] [2025-10-21T19:09:49.297Z] CLI Version:   14.20.0
[debug] [2025-10-21T19:09:49.297Z] Platform:      darwin
[debug] [2025-10-21T19:09:49.297Z] Node Version:  v23.11.0
[debug] [2025-10-21T19:09:49.297Z] Time:          Tue Oct 21 2025 15:09:49 GMT-0400 (Eastern Daylight Time)
[debug] [2025-10-21T19:09:49.297Z] ----------------------------------------------------------------------
[debug] 
[debug] [2025-10-21T19:09:49.384Z] > command requires scopes: ["email","openid","https://www.googleapis.com/auth/cloudplatformprojects.readonly","https://www.googleapis.com/auth/firebase","https://www.googleapis.com/auth/cloud-platform"]
[debug] [2025-10-21T19:09:49.384Z] > authorizing via signed-in user (frankyang233@gmail.com)
[debug] [2025-10-21T19:09:49.384Z] [iam] checking project messageai-bc582 for permissions ["cloudfunctions.functions.create","cloudfunctions.functions.delete","cloudfunctions.functions.get","cloudfunctions.functions.list","cloudfunctions.functions.update","cloudfunctions.operations.get","firebase.projects.get"]
[debug] [2025-10-21T19:09:49.385Z] Checked if tokens are valid: true, expires at: 1761077345629
[debug] [2025-10-21T19:09:49.385Z] Checked if tokens are valid: true, expires at: 1761077345629
[debug] [2025-10-21T19:09:49.385Z] >>> [apiv2][query] POST https://cloudresourcemanager.googleapis.com/v1/projects/messageai-bc582:testIamPermissions [none]
[debug] [2025-10-21T19:09:49.385Z] >>> [apiv2][(partial)header] POST https://cloudresourcemanager.googleapis.com/v1/projects/messageai-bc582:testIamPermissions x-goog-quota-user=projects/messageai-bc582
[debug] [2025-10-21T19:09:49.385Z] >>> [apiv2][body] POST https://cloudresourcemanager.googleapis.com/v1/projects/messageai-bc582:testIamPermissions {"permissions":["cloudfunctions.functions.create","cloudfunctions.functions.delete","cloudfunctions.functions.get","cloudfunctions.functions.list","cloudfunctions.functions.update","cloudfunctions.operations.get","firebase.projects.get"]}
[debug] [2025-10-21T19:09:49.724Z] <<< [apiv2][status] POST https://cloudresourcemanager.googleapis.com/v1/projects/messageai-bc582:testIamPermissions 200
[debug] [2025-10-21T19:09:49.724Z] <<< [apiv2][body] POST https://cloudresourcemanager.googleapis.com/v1/projects/messageai-bc582:testIamPermissions {"permissions":["cloudfunctions.functions.create","cloudfunctions.functions.delete","cloudfunctions.functions.get","cloudfunctions.functions.list","cloudfunctions.functions.update","cloudfunctions.operations.get","firebase.projects.get"]}
[debug] [2025-10-21T19:09:49.724Z] Checked if tokens are valid: true, expires at: 1761077345629
[debug] [2025-10-21T19:09:49.724Z] Checked if tokens are valid: true, expires at: 1761077345629
[debug] [2025-10-21T19:09:49.724Z] >>> [apiv2][query] POST https://iam.googleapis.com/v1/projects/messageai-bc582/serviceAccounts/messageai-bc582@appspot.gserviceaccount.com:testIamPermissions [none]
[debug] [2025-10-21T19:09:49.724Z] >>> [apiv2][body] POST https://iam.googleapis.com/v1/projects/messageai-bc582/serviceAccounts/messageai-bc582@appspot.gserviceaccount.com:testIamPermissions {"permissions":["iam.serviceAccounts.actAs"]}
[debug] [2025-10-21T19:09:50.263Z] <<< [apiv2][status] POST https://iam.googleapis.com/v1/projects/messageai-bc582/serviceAccounts/messageai-bc582@appspot.gserviceaccount.com:testIamPermissions 404
[debug] [2025-10-21T19:09:50.263Z] <<< [apiv2][body] POST https://iam.googleapis.com/v1/projects/messageai-bc582/serviceAccounts/messageai-bc582@appspot.gserviceaccount.com:testIamPermissions {"error":{"code":404,"message":"Unknown service account","status":"NOT_FOUND"}}
[debug] [2025-10-21T19:09:50.263Z] [functions] service account IAM check errored, deploy may fail: Request to https://iam.googleapis.com/v1/projects/messageai-bc582/serviceAccounts/messageai-bc582@appspot.gserviceaccount.com:testIamPermissions had HTTP Error: 404, Unknown service account {"name":"FirebaseError","children":[],"context":{"body":{"error":{"code":404,"message":"Unknown service account","status":"NOT_FOUND"}},"response":{"statusCode":404}},"exit":1,"message":"Request to https://iam.googleapis.com/v1/projects/messageai-bc582/serviceAccounts/messageai-bc582@appspot.gserviceaccount.com:testIamPermissions had HTTP Error: 404, Unknown service account","status":404}
[info] 
[info] === Deploying to 'messageai-bc582'...
[info] 
[info] i  deploying functions 
[info] Running command: npm --prefix functions run build
[info] ✔  functions: Finished running predeploy script. 
[debug] [2025-10-21T19:09:51.434Z] Checked if tokens are valid: true, expires at: 1761077345629
[debug] [2025-10-21T19:09:51.434Z] Checked if tokens are valid: true, expires at: 1761077345629
[debug] [2025-10-21T19:09:51.434Z] >>> [apiv2][query] GET https://cloudresourcemanager.googleapis.com/v1/projects/messageai-bc582 [none]
[debug] [2025-10-21T19:09:51.614Z] <<< [apiv2][status] GET https://cloudresourcemanager.googleapis.com/v1/projects/messageai-bc582 200
[debug] [2025-10-21T19:09:51.615Z] <<< [apiv2][body] GET https://cloudresourcemanager.googleapis.com/v1/projects/messageai-bc582 {"projectNumber":"481795836565","projectId":"messageai-bc582","lifecycleState":"ACTIVE","name":"MessageAI","labels":{"firebase":"enabled","firebase-core":"disabled"},"createTime":"2025-10-20T19:04:06.059966Z"}
[info] i  functions: preparing codebase default for deployment 
[info] i  functions: ensuring required API cloudfunctions.googleapis.com is enabled... 
[debug] [2025-10-21T19:09:51.616Z] Checked if tokens are valid: true, expires at: 1761077345629
[debug] [2025-10-21T19:09:51.616Z] Checked if tokens are valid: true, expires at: 1761077345629
[debug] [2025-10-21T19:09:51.616Z] Checked if tokens are valid: true, expires at: 1761077345629
[debug] [2025-10-21T19:09:51.616Z] Checked if tokens are valid: true, expires at: 1761077345629
[info] i  functions: ensuring required API cloudbuild.googleapis.com is enabled... 
[debug] [2025-10-21T19:09:51.616Z] Checked if tokens are valid: true, expires at: 1761077345629
[debug] [2025-10-21T19:09:51.616Z] Checked if tokens are valid: true, expires at: 1761077345629
[info] i  artifactregistry: ensuring required API artifactregistry.googleapis.com is enabled... 
[debug] [2025-10-21T19:09:51.616Z] Checked if tokens are valid: true, expires at: 1761077345629
[debug] [2025-10-21T19:09:51.617Z] Checked if tokens are valid: true, expires at: 1761077345629
[debug] [2025-10-21T19:09:51.617Z] >>> [apiv2][query] GET https://serviceusage.googleapis.com/v1/projects/messageai-bc582/services/cloudfunctions.googleapis.com [none]
[debug] [2025-10-21T19:09:51.617Z] >>> [apiv2][(partial)header] GET https://serviceusage.googleapis.com/v1/projects/messageai-bc582/services/cloudfunctions.googleapis.com x-goog-quota-user=projects/messageai-bc582
[debug] [2025-10-21T19:09:51.618Z] >>> [apiv2][query] GET https://serviceusage.googleapis.com/v1/projects/messageai-bc582/services/runtimeconfig.googleapis.com [none]
[debug] [2025-10-21T19:09:51.618Z] >>> [apiv2][(partial)header] GET https://serviceusage.googleapis.com/v1/projects/messageai-bc582/services/runtimeconfig.googleapis.com x-goog-quota-user=projects/messageai-bc582
[debug] [2025-10-21T19:09:51.619Z] >>> [apiv2][query] GET https://serviceusage.googleapis.com/v1/projects/messageai-bc582/services/cloudbuild.googleapis.com [none]
[debug] [2025-10-21T19:09:51.619Z] >>> [apiv2][(partial)header] GET https://serviceusage.googleapis.com/v1/projects/messageai-bc582/services/cloudbuild.googleapis.com x-goog-quota-user=projects/messageai-bc582
[debug] [2025-10-21T19:09:51.620Z] >>> [apiv2][query] GET https://serviceusage.googleapis.com/v1/projects/messageai-bc582/services/artifactregistry.googleapis.com [none]
[debug] [2025-10-21T19:09:51.620Z] >>> [apiv2][(partial)header] GET https://serviceusage.googleapis.com/v1/projects/messageai-bc582/services/artifactregistry.googleapis.com x-goog-quota-user=projects/messageai-bc582
[debug] [2025-10-21T19:09:52.075Z] <<< [apiv2][status] GET https://serviceusage.googleapis.com/v1/projects/messageai-bc582/services/runtimeconfig.googleapis.com 200
[debug] [2025-10-21T19:09:52.075Z] <<< [apiv2][body] GET https://serviceusage.googleapis.com/v1/projects/messageai-bc582/services/runtimeconfig.googleapis.com [omitted]
[debug] [2025-10-21T19:09:52.085Z] <<< [apiv2][status] GET https://serviceusage.googleapis.com/v1/projects/messageai-bc582/services/artifactregistry.googleapis.com 200
[debug] [2025-10-21T19:09:52.085Z] <<< [apiv2][body] GET https://serviceusage.googleapis.com/v1/projects/messageai-bc582/services/artifactregistry.googleapis.com [omitted]
[warn] ⚠  artifactregistry: missing required API artifactregistry.googleapis.com. Enabling now... 
[debug] [2025-10-21T19:09:52.086Z] Checked if tokens are valid: true, expires at: 1761077345629
[debug] [2025-10-21T19:09:52.086Z] Checked if tokens are valid: true, expires at: 1761077345629
[debug] [2025-10-21T19:09:52.086Z] >>> [apiv2][query] POST https://serviceusage.googleapis.com/v1/projects/messageai-bc582/services/artifactregistry.googleapis.com:enable [none]
[debug] [2025-10-21T19:09:52.086Z] >>> [apiv2][(partial)header] POST https://serviceusage.googleapis.com/v1/projects/messageai-bc582/services/artifactregistry.googleapis.com:enable x-goog-quota-user=projects/messageai-bc582
[debug] [2025-10-21T19:09:52.090Z] <<< [apiv2][status] GET https://serviceusage.googleapis.com/v1/projects/messageai-bc582/services/cloudbuild.googleapis.com 200
[debug] [2025-10-21T19:09:52.090Z] <<< [apiv2][body] GET https://serviceusage.googleapis.com/v1/projects/messageai-bc582/services/cloudbuild.googleapis.com [omitted]
[warn] ⚠  functions: missing required API cloudbuild.googleapis.com. Enabling now... 
[debug] [2025-10-21T19:09:52.090Z] Checked if tokens are valid: true, expires at: 1761077345629
[debug] [2025-10-21T19:09:52.090Z] Checked if tokens are valid: true, expires at: 1761077345629
[debug] [2025-10-21T19:09:52.090Z] >>> [apiv2][query] POST https://serviceusage.googleapis.com/v1/projects/messageai-bc582/services/cloudbuild.googleapis.com:enable [none]
[debug] [2025-10-21T19:09:52.090Z] >>> [apiv2][(partial)header] POST https://serviceusage.googleapis.com/v1/projects/messageai-bc582/services/cloudbuild.googleapis.com:enable x-goog-quota-user=projects/messageai-bc582
[debug] [2025-10-21T19:09:52.130Z] <<< [apiv2][status] GET https://serviceusage.googleapis.com/v1/projects/messageai-bc582/services/cloudfunctions.googleapis.com 200
[debug] [2025-10-21T19:09:52.131Z] <<< [apiv2][body] GET https://serviceusage.googleapis.com/v1/projects/messageai-bc582/services/cloudfunctions.googleapis.com [omitted]
[warn] ⚠  functions: missing required API cloudfunctions.googleapis.com. Enabling now... 
[debug] [2025-10-21T19:09:52.131Z] Checked if tokens are valid: true, expires at: 1761077345629
[debug] [2025-10-21T19:09:52.131Z] Checked if tokens are valid: true, expires at: 1761077345629
[debug] [2025-10-21T19:09:52.131Z] >>> [apiv2][query] POST https://serviceusage.googleapis.com/v1/projects/messageai-bc582/services/cloudfunctions.googleapis.com:enable [none]
[debug] [2025-10-21T19:09:52.131Z] >>> [apiv2][(partial)header] POST https://serviceusage.googleapis.com/v1/projects/messageai-bc582/services/cloudfunctions.googleapis.com:enable x-goog-quota-user=projects/messageai-bc582
[debug] [2025-10-21T19:09:52.705Z] <<< [apiv2][status] POST https://serviceusage.googleapis.com/v1/projects/messageai-bc582/services/cloudfunctions.googleapis.com:enable 200
[debug] [2025-10-21T19:09:52.705Z] <<< [apiv2][body] POST https://serviceusage.googleapis.com/v1/projects/messageai-bc582/services/cloudfunctions.googleapis.com:enable [omitted]
[debug] [2025-10-21T19:09:52.845Z] <<< [apiv2][status] POST https://serviceusage.googleapis.com/v1/projects/messageai-bc582/services/artifactregistry.googleapis.com:enable 200
[debug] [2025-10-21T19:09:52.845Z] <<< [apiv2][body] POST https://serviceusage.googleapis.com/v1/projects/messageai-bc582/services/artifactregistry.googleapis.com:enable [omitted]
[debug] [2025-10-21T19:09:52.854Z] <<< [apiv2][status] POST https://serviceusage.googleapis.com/v1/projects/messageai-bc582/services/cloudbuild.googleapis.com:enable 200
[debug] [2025-10-21T19:09:52.855Z] <<< [apiv2][body] POST https://serviceusage.googleapis.com/v1/projects/messageai-bc582/services/cloudbuild.googleapis.com:enable [omitted]
[debug] [2025-10-21T19:10:02.864Z] Checked if tokens are valid: true, expires at: 1761077345629
[debug] [2025-10-21T19:10:02.864Z] Checked if tokens are valid: true, expires at: 1761077345629
[debug] [2025-10-21T19:10:02.865Z] >>> [apiv2][query] GET https://firebase.googleapis.com/v1beta1/projects/messageai-bc582/adminSdkConfig [none]
[debug] [2025-10-21T19:10:03.362Z] <<< [apiv2][status] GET https://firebase.googleapis.com/v1beta1/projects/messageai-bc582/adminSdkConfig 200
[debug] [2025-10-21T19:10:03.362Z] <<< [apiv2][body] GET https://firebase.googleapis.com/v1beta1/projects/messageai-bc582/adminSdkConfig {"projectId":"messageai-bc582","databaseURL":"https://messageai-bc582-default-rtdb.firebaseio.com","storageBucket":"messageai-bc582.firebasestorage.app"}
[debug] [2025-10-21T19:10:03.363Z] Checked if tokens are valid: true, expires at: 1761077345629
[debug] [2025-10-21T19:10:03.363Z] Checked if tokens are valid: true, expires at: 1761077345629
[debug] [2025-10-21T19:10:03.363Z] >>> [apiv2][query] GET https://runtimeconfig.googleapis.com/v1beta1/projects/messageai-bc582/configs [none]
[debug] [2025-10-21T19:10:03.764Z] <<< [apiv2][status] GET https://runtimeconfig.googleapis.com/v1beta1/projects/messageai-bc582/configs 200
[debug] [2025-10-21T19:10:03.764Z] <<< [apiv2][body] GET https://runtimeconfig.googleapis.com/v1beta1/projects/messageai-bc582/configs {}
[debug] [2025-10-21T19:10:03.767Z] Validating nodejs source
[warn] ⚠  functions: Runtime Node.js 18 was deprecated on 2025-04-30 and will be decommissioned on 2025-10-30, after which you will not be able to deploy without upgrading. Consider upgrading now to avoid disruption. See https://cloud.google.com/functions/docs/runtime-support for full details on the lifecycle policy 
[warn] ⚠  functions: package.json indicates an outdated version of firebase-functions. Please upgrade using npm install --save firebase-functions@latest in your functions directory. 
[warn] ⚠  functions: Please note that there will be breaking changes when you upgrade. 
[debug] [2025-10-21T19:10:04.513Z] > [functions] package.json contents: {
  "name": "functions",
  "scripts": {
    "build": "tsc",
    "build:watch": "tsc --watch",
    "serve": "npm run build && firebase emulators:start --only functions",
    "shell": "npm run build && firebase functions:shell",
    "start": "npm run shell",
    "deploy": "firebase deploy --only functions",
    "logs": "firebase functions:log"
  },
  "engines": {
    "node": "18"
  },
  "main": "lib/index.js",
  "dependencies": {
    "firebase-admin": "^12.0.0",
    "firebase-functions": "^5.0.0",
    "expo-server-sdk": "^3.7.0"
  },
  "devDependencies": {
    "typescript": "^4.9.0",
    "@types/node": "^18.0.0"
  },
  "private": true
}
[debug] [2025-10-21T19:10:04.513Z] Building nodejs source
[info] i  functions: Loading and analyzing source code for codebase default to determine what to deploy 
[debug] [2025-10-21T19:10:04.513Z] Could not find functions.yaml. Must use http discovery
[debug] [2025-10-21T19:10:04.520Z] Found firebase-functions binary at '/Users/flanka/Desktop/MessageAI/functions/node_modules/.bin/firebase-functions'
[info] Serving at port 8648

[debug] [2025-10-21T19:10:04.956Z] Got response from /__/functions.yaml {"endpoints":{"sendPushNotification":{"platform":"gcfv1","availableMemoryMb":null,"timeoutSeconds":null,"minInstances":null,"maxInstances":null,"ingressSettings":null,"serviceAccountEmail":null,"vpc":null,"eventTrigger":{"eventType":"providers/cloud.firestore/eventTypes/document.create","eventFilters":{"resource":"projects/messageai-bc582/databases/(default)/documents/messages/{chatId}/threads/{messageId}"},"retry":false},"labels":{},"entryPoint":"sendPushNotification"}},"specVersion":"v1alpha1","requiredAPIs":[],"extensions":{}}
[info] i  extensions: ensuring required API firebaseextensions.googleapis.com is enabled... 
[debug] [2025-10-21T19:10:08.971Z] Checked if tokens are valid: true, expires at: 1761077345629
[debug] [2025-10-21T19:10:08.971Z] Checked if tokens are valid: true, expires at: 1761077345629
[debug] [2025-10-21T19:10:08.972Z] >>> [apiv2][query] GET https://serviceusage.googleapis.com/v1/projects/messageai-bc582/services/firebaseextensions.googleapis.com [none]
[debug] [2025-10-21T19:10:08.972Z] >>> [apiv2][(partial)header] GET https://serviceusage.googleapis.com/v1/projects/messageai-bc582/services/firebaseextensions.googleapis.com x-goog-quota-user=projects/messageai-bc582
[debug] [2025-10-21T19:10:09.365Z] <<< [apiv2][status] GET https://serviceusage.googleapis.com/v1/projects/messageai-bc582/services/firebaseextensions.googleapis.com 200
[debug] [2025-10-21T19:10:09.365Z] <<< [apiv2][body] GET https://serviceusage.googleapis.com/v1/projects/messageai-bc582/services/firebaseextensions.googleapis.com [omitted]
[info] ✔  extensions: required API firebaseextensions.googleapis.com is enabled 
[debug] [2025-10-21T19:10:09.372Z] > command requires scopes: ["email","openid","https://www.googleapis.com/auth/cloudplatformprojects.readonly","https://www.googleapis.com/auth/firebase","https://www.googleapis.com/auth/cloud-platform"]
[debug] [2025-10-21T19:10:09.372Z] > authorizing via signed-in user (frankyang233@gmail.com)
[debug] [2025-10-21T19:10:09.372Z] [iam] checking project messageai-bc582 for permissions ["firebase.projects.get","firebaseextensions.instances.list"]
[debug] [2025-10-21T19:10:09.372Z] Checked if tokens are valid: true, expires at: 1761077345629
[debug] [2025-10-21T19:10:09.372Z] Checked if tokens are valid: true, expires at: 1761077345629
[debug] [2025-10-21T19:10:09.372Z] >>> [apiv2][query] POST https://cloudresourcemanager.googleapis.com/v1/projects/messageai-bc582:testIamPermissions [none]
[debug] [2025-10-21T19:10:09.372Z] >>> [apiv2][(partial)header] POST https://cloudresourcemanager.googleapis.com/v1/projects/messageai-bc582:testIamPermissions x-goog-quota-user=projects/messageai-bc582
[debug] [2025-10-21T19:10:09.372Z] >>> [apiv2][body] POST https://cloudresourcemanager.googleapis.com/v1/projects/messageai-bc582:testIamPermissions {"permissions":["firebase.projects.get","firebaseextensions.instances.list"]}
[debug] [2025-10-21T19:10:09.694Z] <<< [apiv2][status] POST https://cloudresourcemanager.googleapis.com/v1/projects/messageai-bc582:testIamPermissions 200
[debug] [2025-10-21T19:10:09.694Z] <<< [apiv2][body] POST https://cloudresourcemanager.googleapis.com/v1/projects/messageai-bc582:testIamPermissions {"permissions":["firebase.projects.get","firebaseextensions.instances.list"]}
[debug] [2025-10-21T19:10:09.695Z] Checked if tokens are valid: true, expires at: 1761077345629
[debug] [2025-10-21T19:10:09.695Z] Checked if tokens are valid: true, expires at: 1761077345629
[debug] [2025-10-21T19:10:09.695Z] >>> [apiv2][query] GET https://firebaseextensions.googleapis.com/v1beta/projects/messageai-bc582/instances pageSize=100&pageToken=
[debug] [2025-10-21T19:10:10.187Z] <<< [apiv2][status] GET https://firebaseextensions.googleapis.com/v1beta/projects/messageai-bc582/instances 200
[debug] [2025-10-21T19:10:10.187Z] <<< [apiv2][body] GET https://firebaseextensions.googleapis.com/v1beta/projects/messageai-bc582/instances {}
[info] i  functions: preparing functions directory for uploading... 
[info] i  functions: packaged /Users/flanka/Desktop/MessageAI/functions (36.71 KB) for uploading 
[debug] [2025-10-21T19:10:10.213Z] Checked if tokens are valid: true, expires at: 1761077345629
[debug] [2025-10-21T19:10:10.213Z] Checked if tokens are valid: true, expires at: 1761077345629
[debug] [2025-10-21T19:10:10.213Z] >>> [apiv2][query] GET https://cloudfunctions.googleapis.com/v1/projects/messageai-bc582/locations/-/functions [none]
[debug] [2025-10-21T19:10:11.055Z] <<< [apiv2][status] GET https://cloudfunctions.googleapis.com/v1/projects/messageai-bc582/locations/-/functions 200
[debug] [2025-10-21T19:10:11.055Z] <<< [apiv2][body] GET https://cloudfunctions.googleapis.com/v1/projects/messageai-bc582/locations/-/functions {}
[debug] [2025-10-21T19:10:11.055Z] Checked if tokens are valid: true, expires at: 1761077345629
[debug] [2025-10-21T19:10:11.055Z] Checked if tokens are valid: true, expires at: 1761077345629
[debug] [2025-10-21T19:10:11.055Z] >>> [apiv2][query] GET https://cloudfunctions.googleapis.com/v2/projects/messageai-bc582/locations/-/functions filter=environment%3D%22GEN_2%22
[debug] [2025-10-21T19:10:11.516Z] <<< [apiv2][status] GET https://cloudfunctions.googleapis.com/v2/projects/messageai-bc582/locations/-/functions 200
[debug] [2025-10-21T19:10:11.516Z] <<< [apiv2][body] GET https://cloudfunctions.googleapis.com/v2/projects/messageai-bc582/locations/-/functions {}
[debug] [2025-10-21T19:10:11.521Z] Checked if tokens are valid: true, expires at: 1761077345629
[debug] [2025-10-21T19:10:11.521Z] Checked if tokens are valid: true, expires at: 1761077345629
[debug] [2025-10-21T19:10:11.521Z] >>> [apiv2][query] GET https://cloudresourcemanager.googleapis.com/v1/projects/messageai-bc582 [none]
[debug] [2025-10-21T19:10:11.682Z] <<< [apiv2][status] GET https://cloudresourcemanager.googleapis.com/v1/projects/messageai-bc582 200
[debug] [2025-10-21T19:10:11.682Z] <<< [apiv2][body] GET https://cloudresourcemanager.googleapis.com/v1/projects/messageai-bc582 {"projectNumber":"481795836565","projectId":"messageai-bc582","lifecycleState":"ACTIVE","name":"MessageAI","labels":{"firebase":"enabled","firebase-core":"disabled"},"createTime":"2025-10-20T19:04:06.059966Z"}
[debug] [2025-10-21T19:10:11.683Z] Checked if tokens are valid: true, expires at: 1761077345629
[debug] [2025-10-21T19:10:11.683Z] Checked if tokens are valid: true, expires at: 1761077345629
[debug] [2025-10-21T19:10:11.683Z] >>> [apiv2][query] GET https://cloudbilling.googleapis.com/v1/projects/messageai-bc582/billingInfo [none]
[debug] [2025-10-21T19:10:12.256Z] <<< [apiv2][status] GET https://cloudbilling.googleapis.com/v1/projects/messageai-bc582/billingInfo 200
[debug] [2025-10-21T19:10:12.257Z] <<< [apiv2][body] GET https://cloudbilling.googleapis.com/v1/projects/messageai-bc582/billingInfo {"name":"projects/messageai-bc582/billingInfo","projectId":"messageai-bc582","billingAccountName":"billingAccounts/01F8F0-C45700-5819F2","billingEnabled":true}
[debug] [2025-10-21T19:10:12.258Z] Checked if tokens are valid: true, expires at: 1761077345629
[debug] [2025-10-21T19:10:12.258Z] Checked if tokens are valid: true, expires at: 1761077345629
[debug] [2025-10-21T19:10:12.258Z] >>> [apiv2][query] POST https://cloudfunctions.googleapis.com/v1/projects/messageai-bc582/locations/us-central1/functions:generateUploadUrl [none]
[debug] [2025-10-21T19:10:12.258Z] >>> [apiv2][body] POST https://cloudfunctions.googleapis.com/v1/projects/messageai-bc582/locations/us-central1/functions:generateUploadUrl {}
[debug] [2025-10-21T19:10:32.196Z] <<< [apiv2][status] POST https://cloudfunctions.googleapis.com/v1/projects/messageai-bc582/locations/us-central1/functions:generateUploadUrl 200
[debug] [2025-10-21T19:10:32.197Z] <<< [apiv2][body] POST https://cloudfunctions.googleapis.com/v1/projects/messageai-bc582/locations/us-central1/functions:generateUploadUrl {"uploadUrl":"https://storage.googleapis.com/uploads-932662027965.us-central1.cloudfunctions.appspot.com/214887e0-29d9-489d-b093-3ff4d808e168.zip?GoogleAccessId=service-481795836565@gcf-admin-robot.iam.gserviceaccount.com&Expires=1761075632&Signature=JNtff%2BkG0jGCzLY%2FBmyUDVLpxBKPVBzg%2FTo13DIuNqXTk82D8q7W6I%2Bcp2on%2FJkXMdzIQObm8y7fk2mn8kq%2FtURc1FLDGe%2BfVEnJlEJFJnlGDIws7H9zwYKCAq%2F3uYwfpg4ciMrPaEzQ67K6hiJa5CGsXa8myyuoh6m2vS%2F6DcxM7d50ADxBMNfqO8Cjq8vr9UGwc61pUE%2BCj86P9fBgrp3I9Px62Om54aTt%2Fwa%2Ba0nSUsTnRtGtB%2FkRO4ITe5uOEkQoRHFDDI64IooALlHsucU9YrbKPx4xrQq1AYgMWAybRe9nIdc32JlrXeqgLrH%2B7OpaKhKZvxxAZsqMZGhGrw%3D%3D"}
[debug] [2025-10-21T19:10:32.200Z] >>> [apiv2][query] PUT https://storage.googleapis.com/uploads-932662027965.us-central1.cloudfunctions.appspot.com/214887e0-29d9-489d-b093-3ff4d808e168.zip GoogleAccessId=service-481795836565%40gcf-admin-robot.iam.gserviceaccount.com&Expires=1761075632&Signature=JNtff%2BkG0jGCzLY%2FBmyUDVLpxBKPVBzg%2FTo13DIuNqXTk82D8q7W6I%2Bcp2on%2FJkXMdzIQObm8y7fk2mn8kq%2FtURc1FLDGe%2BfVEnJlEJFJnlGDIws7H9zwYKCAq%2F3uYwfpg4ciMrPaEzQ67K6hiJa5CGsXa8myyuoh6m2vS%2F6DcxM7d50ADxBMNfqO8Cjq8vr9UGwc61pUE%2BCj86P9fBgrp3I9Px62Om54aTt%2Fwa%2Ba0nSUsTnRtGtB%2FkRO4ITe5uOEkQoRHFDDI64IooALlHsucU9YrbKPx4xrQq1AYgMWAybRe9nIdc32JlrXeqgLrH%2B7OpaKhKZvxxAZsqMZGhGrw%3D%3D
[debug] [2025-10-21T19:10:32.200Z] >>> [apiv2][body] PUT https://storage.googleapis.com/uploads-932662027965.us-central1.cloudfunctions.appspot.com/214887e0-29d9-489d-b093-3ff4d808e168.zip [stream]
[debug] [2025-10-21T19:10:32.800Z] <<< [apiv2][status] PUT https://storage.googleapis.com/uploads-932662027965.us-central1.cloudfunctions.appspot.com/214887e0-29d9-489d-b093-3ff4d808e168.zip 200
[debug] [2025-10-21T19:10:32.800Z] <<< [apiv2][body] PUT https://storage.googleapis.com/uploads-932662027965.us-central1.cloudfunctions.appspot.com/214887e0-29d9-489d-b093-3ff4d808e168.zip [omitted]
[info] ✔  functions: functions source uploaded successfully 
[info] i  functions: creating Node.js 18 (1st Gen) function sendPushNotification(us-central1)... 
[debug] [2025-10-21T19:10:32.808Z] Checked if tokens are valid: true, expires at: 1761077345629
[debug] [2025-10-21T19:10:32.808Z] Checked if tokens are valid: true, expires at: 1761077345629
[debug] [2025-10-21T19:10:32.808Z] >>> [apiv2][query] POST https://cloudfunctions.googleapis.com/v1/projects/messageai-bc582/locations/us-central1/functions [none]
[debug] [2025-10-21T19:10:32.808Z] >>> [apiv2][body] POST https://cloudfunctions.googleapis.com/v1/projects/messageai-bc582/locations/us-central1/functions {"name":"projects/messageai-bc582/locations/us-central1/functions/sendPushNotification","sourceUploadUrl":"https://storage.googleapis.com/uploads-932662027965.us-central1.cloudfunctions.appspot.com/214887e0-29d9-489d-b093-3ff4d808e168.zip?GoogleAccessId=service-481795836565@gcf-admin-robot.iam.gserviceaccount.com&Expires=1761075632&Signature=JNtff%2BkG0jGCzLY%2FBmyUDVLpxBKPVBzg%2FTo13DIuNqXTk82D8q7W6I%2Bcp2on%2FJkXMdzIQObm8y7fk2mn8kq%2FtURc1FLDGe%2BfVEnJlEJFJnlGDIws7H9zwYKCAq%2F3uYwfpg4ciMrPaEzQ67K6hiJa5CGsXa8myyuoh6m2vS%2F6DcxM7d50ADxBMNfqO8Cjq8vr9UGwc61pUE%2BCj86P9fBgrp3I9Px62Om54aTt%2Fwa%2Ba0nSUsTnRtGtB%2FkRO4ITe5uOEkQoRHFDDI64IooALlHsucU9YrbKPx4xrQq1AYgMWAybRe9nIdc32JlrXeqgLrH%2B7OpaKhKZvxxAZsqMZGhGrw%3D%3D","entryPoint":"sendPushNotification","runtime":"nodejs18","dockerRegistry":"ARTIFACT_REGISTRY","labels":{"deployment-tool":"cli-firebase","firebase-functions-hash":"8483f8bf283e7652989c8a4245778c04cbf11266"},"eventTrigger":{"eventType":"providers/cloud.firestore/eventTypes/document.create","resource":"projects/messageai-bc582/databases/(default)/documents/messages/{chatId}/threads/{messageId}"},"minInstances":null,"maxInstances":null,"ingressSettings":null,"environmentVariables":{"FIREBASE_CONFIG":"{\"projectId\":\"messageai-bc582\",\"databaseURL\":\"https://messageai-bc582-default-rtdb.firebaseio.com\",\"storageBucket\":\"messageai-bc582.firebasestorage.app\"}","GCLOUD_PROJECT":"messageai-bc582","EVENTARC_CLOUD_EVENT_SOURCE":"projects/messageai-bc582/locations/us-central1/functions/sendPushNotification"},"serviceAccountEmail":null,"availableMemoryMb":null,"timeout":null,"vpcConnector":null,"vpcConnectorEgressSettings":null,"buildEnvironmentVariables":{"GOOGLE_NODE_RUN_SCRIPTS":""}}
[debug] [2025-10-21T19:10:33.405Z] <<< [apiv2][status] POST https://cloudfunctions.googleapis.com/v1/projects/messageai-bc582/locations/us-central1/functions 403
[debug] [2025-10-21T19:10:33.405Z] <<< [apiv2][body] POST https://cloudfunctions.googleapis.com/v1/projects/messageai-bc582/locations/us-central1/functions {"error":{"code":403,"message":"Failed to create 1st Gen function projects/messageai-bc582/locations/us-central1/functions/sendPushNotification: Unable to retrieve the repository metadata for projects/messageai-bc582/locations/us-central1/repositories/gcf-artifacts. Ensure that the Cloud Functions service account has 'artifactregistry.repositories.list' and 'artifactregistry.repositories.get' permissions. You can add the permissions by granting the role 'roles/artifactregistry.reader'.","status":"PERMISSION_DENIED"}}
[warn] ⚠  functions: failed to create function projects/messageai-bc582/locations/us-central1/functions/sendPushNotification 
[error] Failed to create function projects/messageai-bc582/locations/us-central1/functions/sendPushNotification
[debug] [2025-10-21T19:10:33.412Z] Total Function Deployment time: 600
[debug] [2025-10-21T19:10:33.412Z] 1 Functions Deployed
[debug] [2025-10-21T19:10:33.412Z] 1 Functions Errored
[debug] [2025-10-21T19:10:33.412Z] 0 Function Deployments Aborted
[debug] [2025-10-21T19:10:33.412Z] Average Function Deployment time: 600
[info] 
[info] Functions deploy had errors with the following functions:
	sendPushNotification(us-central1)
[debug] [2025-10-21T19:10:33.544Z] Checked if tokens are valid: true, expires at: 1761077345629
[debug] [2025-10-21T19:10:33.545Z] Checked if tokens are valid: true, expires at: 1761077345629
[debug] [2025-10-21T19:10:33.545Z] >>> [apiv2][query] GET https://artifactregistry.googleapis.com/v1/projects/messageai-bc582/locations/us-central1/repositories/gcf-artifacts [none]
[debug] [2025-10-21T19:10:33.934Z] <<< [apiv2][status] GET https://artifactregistry.googleapis.com/v1/projects/messageai-bc582/locations/us-central1/repositories/gcf-artifacts 404
[debug] [2025-10-21T19:10:33.934Z] <<< [apiv2][body] GET https://artifactregistry.googleapis.com/v1/projects/messageai-bc582/locations/us-central1/repositories/gcf-artifacts {"error":{"code":404,"message":"Requested entity was not found.","status":"NOT_FOUND"}}
[debug] [2025-10-21T19:10:33.934Z] Failed to check artifact cleanup policy for region us-central1: Request to https://artifactregistry.googleapis.com/v1/projects/messageai-bc582/locations/us-central1/repositories/gcf-artifacts had HTTP Error: 404, Requested entity was not found. {"name":"FirebaseError","children":[],"context":{"body":{"error":{"code":404,"message":"Requested entity was not found.","status":"NOT_FOUND"}},"response":{"statusCode":404}},"exit":1,"message":"Request to https://artifactregistry.googleapis.com/v1/projects/messageai-bc582/locations/us-central1/repositories/gcf-artifacts had HTTP Error: 404, Requested entity was not found.","status":404}
[debug] [2025-10-21T19:10:33.935Z] Functions deploy failed.
[debug] [2025-10-21T19:10:33.936Z] {
  "endpoint": {
    "id": "sendPushNotification",
    "project": "messageai-bc582",
    "region": "us-central1",
    "entryPoint": "sendPushNotification",
    "platform": "gcfv1",
    "runtime": "nodejs18",
    "eventTrigger": {
      "eventType": "providers/cloud.firestore/eventTypes/document.create",
      "retry": false,
      "eventFilters": {
        "resource": "projects/messageai-bc582/databases/(default)/documents/messages/{chatId}/threads/{messageId}"
      }
    },
    "labels": {
      "deployment-tool": "cli-firebase"
    },
    "serviceAccount": null,
    "ingressSettings": null,
    "availableMemoryMb": null,
    "timeoutSeconds": null,
    "maxInstances": null,
    "minInstances": null,
    "vpc": null,
    "environmentVariables": {
      "FIREBASE_CONFIG": "{\"projectId\":\"messageai-bc582\",\"databaseURL\":\"https://messageai-bc582-default-rtdb.firebaseio.com\",\"storageBucket\":\"messageai-bc582.firebasestorage.app\"}",
      "GCLOUD_PROJECT": "messageai-bc582",
      "EVENTARC_CLOUD_EVENT_SOURCE": "projects/messageai-bc582/locations/us-central1/functions/sendPushNotification"
    },
    "codebase": "default",
    "targetedByOnly": false,
    "hash": "8483f8bf283e7652989c8a4245778c04cbf11266"
  },
  "op": "create",
  "original": {
    "name": "FirebaseError",
    "children": [],
    "context": {
      "function": "projects/messageai-bc582/locations/us-central1/functions/sendPushNotification"
    },
    "exit": 1,
    "message": "Failed to create function projects/messageai-bc582/locations/us-central1/functions/sendPushNotification",
    "original": {
      "name": "FirebaseError",
      "children": [],
      "context": {
        "body": {
          "error": {
            "code": 403,
            "message": "Failed to create 1st Gen function projects/messageai-bc582/locations/us-central1/functions/sendPushNotification: Unable to retrieve the repository metadata for projects/messageai-bc582/locations/us-central1/repositories/gcf-artifacts. Ensure that the Cloud Functions service account has 'artifactregistry.repositories.list' and 'artifactregistry.repositories.get' permissions. You can add the permissions by granting the role 'roles/artifactregistry.reader'.",
            "status": "PERMISSION_DENIED"
          }
        },
        "response": {
          "statusCode": 403
        }
      },
      "exit": 1,
      "message": "Request to https://cloudfunctions.googleapis.com/v1/projects/messageai-bc582/locations/us-central1/functions had HTTP Error: 403, Failed to create 1st Gen function projects/messageai-bc582/locations/us-central1/functions/sendPushNotification: Unable to retrieve the repository metadata for projects/messageai-bc582/locations/us-central1/repositories/gcf-artifacts. Ensure that the Cloud Functions service account has 'artifactregistry.repositories.list' and 'artifactregistry.repositories.get' permissions. You can add the permissions by granting the role 'roles/artifactregistry.reader'.",
      "status": 403
    },
    "status": 403,
    "code": 403
  }
}
[debug] [2025-10-21T19:10:34.023Z] Error: Failed to create function sendPushNotification in region us-central1
    at /opt/homebrew/lib/node_modules/firebase-tools/lib/deploy/functions/release/fabricator.js:52:11
    at process.processTicksAndRejections (node:internal/process/task_queues:105:5)
    at async Fabricator.createV1Function (/opt/homebrew/lib/node_modules/firebase-tools/lib/deploy/functions/release/fabricator.js:194:32)
    at async Fabricator.createEndpoint (/opt/homebrew/lib/node_modules/firebase-tools/lib/deploy/functions/release/fabricator.js:134:13)
    at async handle (/opt/homebrew/lib/node_modules/firebase-tools/lib/deploy/functions/release/fabricator.js:89:17)
[error] 
[error] Error: There was an error deploying functions
